<?xml version="1.0" encoding="UTF-8"?>
<coverage generated="1679084171306" clover="3.2.0">
  <project timestamp="1679084171306" name="All files">
    <metrics statements="12" coveredstatements="11" conditionals="8" coveredconditionals="7" methods="2" coveredmethods="2" elements="22" coveredelements="20" complexity="0" loc="12" ncloc="12" packages="2" files="2" classes="2"/>
    <package name="src">
      <metrics statements="10" coveredstatements="9" conditionals="8" coveredconditionals="7" methods="1" coveredmethods="1"/>
      <file name="index.ts" path="/home/wesley/Downloads/testes unitarios/unit-testing-exercise1/src/index.ts">
        <metrics statements="10" coveredstatements="9" conditionals="8" coveredconditionals="7" methods="1" coveredmethods="1"/>
        <line num="1" count="1" type="stmt"/>
        <line num="2" count="4" type="cond" truecount="2" falsecount="0"/>
        <line num="3" count="1" type="stmt"/>
        <line num="4" count="3" type="cond" truecount="1" falsecount="1"/>
        <line num="5" count="0" type="stmt"/>
        <line num="6" count="3" type="cond" truecount="2" falsecount="0"/>
        <line num="7" count="1" type="stmt"/>
        <line num="8" count="2" type="cond" truecount="2" falsecount="0"/>
        <line num="9" count="1" type="stmt"/>
        <line num="11" count="1" type="stmt"/>
      </file>
    </package>
    <package name="tests.factories">
      <metrics statements="2" coveredstatements="2" conditionals="0" coveredconditionals="0" methods="1" coveredmethods="1"/>
      <file name="index.factory.ts" path="/home/wesley/Downloads/testes unitarios/unit-testing-exercise1/tests/factories/index.factory.ts">
        <metrics statements="2" coveredstatements="2" conditionals="0" coveredconditionals="0" methods="1" coveredmethods="1"/>
        <line num="1" count="1" type="stmt"/>
        <line num="2" count="4" type="stmt"/>
      </file>
    </package>
  </project>
</coverage>
