{"/home/wesley/Downloads/testes unitarios/unit-testing-exercise1/src/index.ts": {"path":"/home/wesley/Downloads/testes unitarios/unit-testing-exercise1/src/index.ts","statementMap":{"0":{"start":{"line":2,"column":2},"end":{"line":12,"column":null}},"1":{"start":{"line":3,"column":4},"end":{"line":3,"column":13}},"2":{"start":{"line":4,"column":9},"end":{"line":12,"column":null}},"3":{"start":{"line":5,"column":4},"end":{"line":5,"column":26}},"4":{"start":{"line":6,"column":9},"end":{"line":12,"column":null}},"5":{"start":{"line":7,"column":4},"end":{"line":7,"column":25}},"6":{"start":{"line":8,"column":9},"end":{"line":12,"column":null}},"7":{"start":{"line":9,"column":4},"end":{"line":9,"column":26}},"8":{"start":{"line":11,"column":4},"end":{"line":11,"column":26}},"9":{"start":{"line":1,"column":0},"end":{"line":1,"column":16}}},"fnMap":{"0":{"name":"calculateTax","decl":{"start":{"line":1,"column":16},"end":{"line":1,"column":28}},"loc":{"start":{"line":1,"column":43},"end":{"line":13,"column":1}}}},"branchMap":{"0":{"loc":{"start":{"line":2,"column":2},"end":{"line":12,"column":null}},"type":"if","locations":[{"start":{"line":2,"column":2},"end":{"line":12,"column":null}},{"start":{"line":2,"column":2},"end":{"line":12,"column":null}}]},"1":{"loc":{"start":{"line":4,"column":9},"end":{"line":12,"column":null}},"type":"if","locations":[{"start":{"line":4,"column":9},"end":{"line":12,"column":null}},{"start":{"line":4,"column":9},"end":{"line":12,"column":null}}]},"2":{"loc":{"start":{"line":6,"column":9},"end":{"line":12,"column":null}},"type":"if","locations":[{"start":{"line":6,"column":9},"end":{"line":12,"column":null}},{"start":{"line":6,"column":9},"end":{"line":12,"column":null}}]},"3":{"loc":{"start":{"line":8,"column":9},"end":{"line":12,"column":null}},"type":"if","locations":[{"start":{"line":8,"column":9},"end":{"line":12,"column":null}},{"start":{"line":8,"column":9},"end":{"line":12,"column":null}}]}},"s":{"0":4,"1":1,"2":3,"3":0,"4":3,"5":1,"6":2,"7":1,"8":1,"9":1},"f":{"0":4},"b":{"0":[1,3],"1":[0,3],"2":[1,2],"3":[1,1]}}
,"/home/wesley/Downloads/testes unitarios/unit-testing-exercise1/tests/factories/index.factory.ts": {"path":"/home/wesley/Downloads/testes unitarios/unit-testing-exercise1/tests/factories/index.factory.ts","statementMap":{"0":{"start":{"line":2,"column":2},"end":{"line":2,"column":55}},"1":{"start":{"line":1,"column":0},"end":{"line":1,"column":16}}},"fnMap":{"0":{"name":"generateNumber","decl":{"start":{"line":1,"column":16},"end":{"line":1,"column":30}},"loc":{"start":{"line":1,"column":55},"end":{"line":3,"column":1}}}},"branchMap":{},"s":{"0":4,"1":1},"f":{"0":4},"b":{}}
}
